# JRE version: OpenJDK Runtime Environment Corretto-17.0.7.7.1 (17.0.7+7) (build 17.0.7+7-LTS)
# Java VM: OpenJDK 64-Bit Server VM Corretto-17.0.7.7.1 (17.0.7+7-LTS, mixed mode, sharing, tiered, compressed oops, compressed class ptrs, g1 gc, windows-amd64)
GC Precious Log:
 CPUs: 12 total, 12 available
 Memory: 14188M
 Large Page Support: Disabled
 NUMA Support: Disabled
 Compressed Oops: Enabled (32-bit)
 Heap Region Size: 1M
 Heap Min Capacity: 8M
 Heap Initial Capacity: 222M
 Heap Max Capacity: 2G
 Pre-touch: Disabled
 Parallel Workers: 10
 Concurrent Workers: 3
 Concurrent Refinement Workers: 10
 Periodic GC: Disabled
Heap:
 garbage-first heap   total 78848K, used 49428K [0x0000000080000000, 0x0000000100000000)
  region size 1024K, 4 young (4096K), 2 survivors (2048K)
 Metaspace       used 52002K, committed 52544K, reserved 1114112K
  class space    used 7019K, committed 7296K, reserved 1048576K
GC Heap History (20 events):
Event: 4.086 GC heap before
{Heap before GC invocations=5 (full 0):
 garbage-first heap   total 78848K, used 55690K [0x0000000080000000, 0x0000000100000000)
  region size 1024K, 34 young (34816K), 3 survivors (3072K)
 Metaspace       used 33274K, committed 33664K, reserved 1114112K
  class space    used 4639K, committed 4800K, reserved 1048576K
}
Event: 4.090 GC heap after
{Heap after GC invocations=6 (full 0):
 garbage-first heap   total 78848K, used 26695K [0x0000000080000000, 0x0000000100000000)
  region size 1024K, 5 young (5120K), 5 survivors (5120K)
 Metaspace       used 33274K, committed 33664K, reserved 1114112K
  class space    used 4639K, committed 4800K, reserved 1048576K
}
Event: 4.454 GC heap before
{Heap before GC invocations=6 (full 0):
 garbage-first heap   total 78848K, used 56391K [0x0000000080000000, 0x0000000100000000)
  region size 1024K, 35 young (35840K), 5 survivors (5120K)
 Metaspace       used 35343K, committed 35776K, reserved 1114112K
  class space    used 4852K, committed 5056K, reserved 1048576K
}
Event: 4.458 GC heap after
{Heap after GC invocations=7 (full 0):
 garbage-first heap   total 78848K, used 30390K [0x0000000080000000, 0x0000000100000000)
  region size 1024K, 4 young (4096K), 4 survivors (4096K)
 Metaspace       used 35343K, committed 35776K, reserved 1114112K
  class space    used 4852K, committed 5056K, reserved 1048576K
}
Event: 4.466 GC heap before
{Heap before GC invocations=7 (full 0):
 garbage-first heap   total 78848K, used 33462K [0x0000000080000000, 0x0000000100000000)
  region size 1024K, 5 young (5120K), 4 survivors (4096K)
 Metaspace       used 35586K, committed 35968K, reserved 1114112K
  class space    used 4852K, committed 5056K, reserved 1048576K
}
Event: 4.467 GC heap after
{Heap after GC invocations=8 (full 0):
 garbage-first heap   total 78848K, used 31848K [0x0000000080000000, 0x0000000100000000)
  region size 1024K, 1 young (1024K), 1 survivors (1024K)
 Metaspace       used 35586K, committed 35968K, reserved 1114112K
  class space    used 4852K, committed 5056K, reserved 1048576K
}
Event: 5.206 GC heap before
{Heap before GC invocations=9 (full 0):
 garbage-first heap   total 78848K, used 59496K [0x0000000080000000, 0x0000000100000000)
  region size 1024K, 28 young (28672K), 1 survivors (1024K)
 Metaspace       used 38010K, committed 38400K, reserved 1114112K
  class space    used 5175K, committed 5376K, reserved 1048576K
}
Event: 5.208 GC heap after
{Heap after GC invocations=10 (full 0):
 garbage-first heap   total 78848K, used 32430K [0x0000000080000000, 0x0000000100000000)
  region size 1024K, 3 young (3072K), 3 survivors (3072K)
 Metaspace       used 38010K, committed 38400K, reserved 1114112K
  class space    used 5175K, committed 5376K, reserved 1048576K
}
Event: 5.714 GC heap before
{Heap before GC invocations=11 (full 0):
 garbage-first heap   total 78848K, used 60078K [0x0000000080000000, 0x0000000100000000)
  region size 1024K, 30 young (30720K), 3 survivors (3072K)
 Metaspace       used 41111K, committed 41472K, reserved 1114112K
  class space    used 5673K, committed 5824K, reserved 1048576K
}
Event: 5.717 GC heap after
{Heap after GC invocations=12 (full 0):
 garbage-first heap   total 78848K, used 34609K [0x0000000080000000, 0x0000000100000000)
  region size 1024K, 3 young (3072K), 3 survivors (3072K)
 Metaspace       used 41111K, committed 41472K, reserved 1114112K
  class space    used 5673K, committed 5824K, reserved 1048576K
}
Event: 6.331 GC heap before
{Heap before GC invocations=12 (full 0):
 garbage-first heap   total 78848K, used 60209K [0x0000000080000000, 0x0000000100000000)
  region size 1024K, 28 young (28672K), 3 survivors (3072K)
 Metaspace       used 43905K, committed 44416K, reserved 1114112K
  class space    used 6074K, committed 6336K, reserved 1048576K
}
Event: 6.335 GC heap after
{Heap after GC invocations=13 (full 0):
 garbage-first heap   total 78848K, used 35783K [0x0000000080000000, 0x0000000100000000)
  region size 1024K, 4 young (4096K), 4 survivors (4096K)
 Metaspace       used 43905K, committed 44416K, reserved 1114112K
  class space    used 6074K, committed 6336K, reserved 1048576K
}
Event: 7.113 GC heap before
{Heap before GC invocations=13 (full 0):
 garbage-first heap   total 78848K, used 61383K [0x0000000080000000, 0x0000000100000000)
  region size 1024K, 29 young (29696K), 4 survivors (4096K)
 Metaspace       used 46573K, committed 47040K, reserved 1114112K
  class space    used 6323K, committed 6528K, reserved 1048576K
}
Event: 7.117 GC heap after
{Heap after GC invocations=14 (full 0):
 garbage-first heap   total 78848K, used 38088K [0x0000000080000000, 0x0000000100000000)
  region size 1024K, 4 young (4096K), 4 survivors (4096K)
 Metaspace       used 46573K, committed 47040K, reserved 1114112K
  class space    used 6323K, committed 6528K, reserved 1048576K
}
Event: 10.209 GC heap before
{Heap before GC invocations=14 (full 0):
 garbage-first heap   total 78848K, used 60616K [0x0000000080000000, 0x0000000100000000)
  region size 1024K, 27 young (27648K), 4 survivors (4096K)
 Metaspace       used 51463K, committed 51968K, reserved 1114112K
  class space    used 6961K, committed 7232K, reserved 1048576K
}
Event: 10.214 GC heap after
{Heap after GC invocations=15 (full 0):
 garbage-first heap   total 78848K, used 41229K [0x0000000080000000, 0x0000000100000000)
  region size 1024K, 4 young (4096K), 4 survivors (4096K)
 Metaspace       used 51463K, committed 51968K, reserved 1114112K
  class space    used 6961K, committed 7232K, reserved 1048576K
}
Event: 11.103 GC heap before
{Heap before GC invocations=16 (full 0):
 garbage-first heap   total 78848K, used 59661K [0x0000000080000000, 0x0000000100000000)
  region size 1024K, 24 young (24576K), 4 survivors (4096K)
 Metaspace       used 52002K, committed 52544K, reserved 1114112K
  class space    used 7019K, committed 7296K, reserved 1048576K
}
Event: 11.107 GC heap after
{Heap after GC invocations=17 (full 0):
 garbage-first heap   total 78848K, used 42689K [0x0000000080000000, 0x0000000100000000)
  region size 1024K, 2 young (2048K), 2 survivors (2048K)
 Metaspace       used 52002K, committed 52544K, reserved 1114112K
  class space    used 7019K, committed 7296K, reserved 1048576K
}
Event: 11.173 GC heap before
{Heap before GC invocations=18 (full 0):
 garbage-first heap   total 78848K, used 44737K [0x0000000080000000, 0x0000000100000000)
  region size 1024K, 4 young (4096K), 2 survivors (2048K)
 Metaspace       used 52002K, committed 52544K, reserved 1114112K
  class space    used 7019K, committed 7296K, reserved 1048576K
}
Event: 11.175 GC heap after
{Heap after GC invocations=19 (full 0):
 garbage-first heap   total 78848K, used 45332K [0x0000000080000000, 0x0000000100000000)
  region size 1024K, 2 young (2048K), 2 survivors (2048K)
 Metaspace       used 52002K, committed 52544K, reserved 1114112K
  class space    used 7019K, committed 7296K, reserved 1048576K
}

